<?xml version="1.0" encoding="UTF-8"?>
<!-- Generated by org.testng.reporters.JUnitReportReporter -->
<testsuite hostname="LAPTOP-669LVGAV" failures="0" tests="1" name="test.Plum2test" time="144.182" errors="0" timestamp="2023-07-07T12:16:41 IST" skipped="0">
  <testcase classname="test.Plum2test" name="testing" time="144.182"/>
  <system-out/>
</testsuite> <!-- test.Plum2test -->
